Classic Timing Analyzer report for imm_select_rv32i
Mon Nov 17 13:17:45 2025
Quartus II Version 9.1 Build 350 03/24/2010 Service Pack 2 SJ Web Edition


---------------------
; Table of Contents ;
---------------------
  1. Legal Notice
  2. Timing Analyzer Summary
  3. Timing Analyzer Settings
  4. Parallel Compilation
  5. tpd
  6. Timing Analyzer Messages



----------------
; Legal Notice ;
----------------
Copyright (C) 1991-2010 Altera Corporation
Your use of Altera Corporation's design tools, logic functions 
and other software and tools, and its AMPP partner logic 
functions, and any output files from any of the foregoing 
(including device programming or simulation files), and any 
associated documentation or information are expressly subject 
to the terms and conditions of the Altera Program License 
Subscription Agreement, Altera MegaCore Function License 
Agreement, or other applicable license agreement, including, 
without limitation, that your use is for the sole purpose of 
programming logic devices manufactured by Altera and sold by 
Altera or its authorized distributors.  Please refer to the 
applicable agreement for further details.



+-----------------------------------------------------------------------------------------------------------------------------------------+
; Timing Analyzer Summary                                                                                                                 ;
+------------------------------+-------+---------------+-------------+-------------------+---------+------------+----------+--------------+
; Type                         ; Slack ; Required Time ; Actual Time ; From              ; To      ; From Clock ; To Clock ; Failed Paths ;
+------------------------------+-------+---------------+-------------+-------------------+---------+------------+----------+--------------+
; Worst-case tpd               ; N/A   ; None          ; 10.891 ns   ; trimmed_instr[24] ; imm[23] ; --         ; --       ; 0            ;
; Total number of failed paths ;       ;               ;             ;                   ;         ;            ;          ; 0            ;
+------------------------------+-------+---------------+-------------+-------------------+---------+------------+----------+--------------+


+-----------------------------------------------------------------------------------------------------------------------------------------------------+
; Timing Analyzer Settings                                                                                                                            ;
+------------------------------------------------------------------------------------------------------+--------------------+------+----+-------------+
; Option                                                                                               ; Setting            ; From ; To ; Entity Name ;
+------------------------------------------------------------------------------------------------------+--------------------+------+----+-------------+
; Device Name                                                                                          ; EP2S15F484C3       ;      ;    ;             ;
; Timing Models                                                                                        ; Final              ;      ;    ;             ;
; Default hold multicycle                                                                              ; Same as Multicycle ;      ;    ;             ;
; Cut paths between unrelated clock domains                                                            ; On                 ;      ;    ;             ;
; Cut off read during write signal paths                                                               ; On                 ;      ;    ;             ;
; Cut off feedback from I/O pins                                                                       ; On                 ;      ;    ;             ;
; Report Combined Fast/Slow Timing                                                                     ; Off                ;      ;    ;             ;
; Ignore Clock Settings                                                                                ; Off                ;      ;    ;             ;
; Analyze latches as synchronous elements                                                              ; On                 ;      ;    ;             ;
; Enable Recovery/Removal analysis                                                                     ; Off                ;      ;    ;             ;
; Enable Clock Latency                                                                                 ; Off                ;      ;    ;             ;
; Use TimeQuest Timing Analyzer                                                                        ; Off                ;      ;    ;             ;
; Number of source nodes to report per destination node                                                ; 10                 ;      ;    ;             ;
; Number of destination nodes to report                                                                ; 10                 ;      ;    ;             ;
; Number of paths to report                                                                            ; 200                ;      ;    ;             ;
; Report Minimum Timing Checks                                                                         ; Off                ;      ;    ;             ;
; Use Fast Timing Models                                                                               ; Off                ;      ;    ;             ;
; Report IO Paths Separately                                                                           ; Off                ;      ;    ;             ;
; Perform Multicorner Analysis                                                                         ; On                 ;      ;    ;             ;
; Reports the worst-case path for each clock domain and analysis                                       ; Off                ;      ;    ;             ;
; Reports worst-case timing paths for each clock domain and analysis                                   ; Off                ;      ;    ;             ;
; Specifies the maximum number of worst-case timing paths to report for each clock domain and analysis ; 100                ;      ;    ;             ;
; Removes common clock path pessimism (CCPP) during slack computation                                  ; Off                ;      ;    ;             ;
; Output I/O Timing Endpoint                                                                           ; Near End           ;      ;    ;             ;
+------------------------------------------------------------------------------------------------------+--------------------+------+----+-------------+


Parallel compilation was disabled, but you have multiple processors available. Enable parallel compilation to reduce compilation time.
+-------------------------------------+
; Parallel Compilation                ;
+----------------------------+--------+
; Processors                 ; Number ;
+----------------------------+--------+
; Number detected on machine ; 16     ;
; Maximum allowed            ; 1      ;
+----------------------------+--------+


+---------------------------------------------------------------------------+
; tpd                                                                       ;
+-------+-------------------+-----------------+-------------------+---------+
; Slack ; Required P2P Time ; Actual P2P Time ; From              ; To      ;
+-------+-------------------+-----------------+-------------------+---------+
; N/A   ; None              ; 10.891 ns       ; trimmed_instr[24] ; imm[23] ;
; N/A   ; None              ; 10.890 ns       ; trimmed_instr[24] ; imm[28] ;
; N/A   ; None              ; 10.832 ns       ; cu_immtype[1]     ; imm[7]  ;
; N/A   ; None              ; 10.788 ns       ; cu_immtype[1]     ; imm[23] ;
; N/A   ; None              ; 10.679 ns       ; trimmed_instr[24] ; imm[26] ;
; N/A   ; None              ; 10.663 ns       ; trimmed_instr[24] ; imm[30] ;
; N/A   ; None              ; 10.574 ns       ; trimmed_instr[20] ; imm[7]  ;
; N/A   ; None              ; 10.557 ns       ; cu_immtype[1]     ; imm[28] ;
; N/A   ; None              ; 10.541 ns       ; cu_immtype[1]     ; imm[3]  ;
; N/A   ; None              ; 10.521 ns       ; cu_immtype[2]     ; imm[7]  ;
; N/A   ; None              ; 10.428 ns       ; trimmed_instr[21] ; imm[28] ;
; N/A   ; None              ; 10.404 ns       ; trimmed_instr[24] ; imm[27] ;
; N/A   ; None              ; 10.370 ns       ; cu_immtype[0]     ; imm[7]  ;
; N/A   ; None              ; 10.347 ns       ; cu_immtype[1]     ; imm[26] ;
; N/A   ; None              ; 10.309 ns       ; trimmed_instr[24] ; imm[18] ;
; N/A   ; None              ; 10.242 ns       ; cu_immtype[2]     ; imm[18] ;
; N/A   ; None              ; 10.241 ns       ; cu_immtype[2]     ; imm[28] ;
; N/A   ; None              ; 10.217 ns       ; cu_immtype[1]     ; imm[30] ;
; N/A   ; None              ; 10.145 ns       ; cu_immtype[2]     ; imm[23] ;
; N/A   ; None              ; 10.092 ns       ; trimmed_instr[12] ; imm[19] ;
; N/A   ; None              ; 10.087 ns       ; trimmed_instr[24] ; imm[20] ;
; N/A   ; None              ; 10.060 ns       ; cu_immtype[2]     ; imm[30] ;
; N/A   ; None              ; 10.036 ns       ; cu_immtype[2]     ; imm[26] ;
; N/A   ; None              ; 10.016 ns       ; cu_immtype[2]     ; imm[20] ;
; N/A   ; None              ; 10.003 ns       ; trimmed_instr[24] ; imm[29] ;
; N/A   ; None              ; 9.990 ns        ; cu_immtype[0]     ; imm[23] ;
; N/A   ; None              ; 9.984 ns        ; trimmed_instr[3]  ; imm[3]  ;
; N/A   ; None              ; 9.924 ns        ; cu_immtype[1]     ; imm[27] ;
; N/A   ; None              ; 9.915 ns        ; cu_immtype[0]     ; imm[18] ;
; N/A   ; None              ; 9.865 ns        ; cu_immtype[2]     ; imm[3]  ;
; N/A   ; None              ; 9.849 ns        ; trimmed_instr[24] ; imm[21] ;
; N/A   ; None              ; 9.813 ns        ; trimmed_instr[24] ; imm[19] ;
; N/A   ; None              ; 9.797 ns        ; trimmed_instr[20] ; imm[27] ;
; N/A   ; None              ; 9.790 ns        ; cu_immtype[0]     ; imm[30] ;
; N/A   ; None              ; 9.789 ns        ; trimmed_instr[24] ; imm[15] ;
; N/A   ; None              ; 9.781 ns        ; cu_immtype[2]     ; imm[21] ;
; N/A   ; None              ; 9.776 ns        ; cu_immtype[0]     ; imm[28] ;
; N/A   ; None              ; 9.762 ns        ; cu_immtype[2]     ; imm[0]  ;
; N/A   ; None              ; 9.760 ns        ; trimmed_instr[24] ; imm[31] ;
; N/A   ; None              ; 9.748 ns        ; cu_immtype[2]     ; imm[2]  ;
; N/A   ; None              ; 9.745 ns        ; cu_immtype[0]     ; imm[26] ;
; N/A   ; None              ; 9.744 ns        ; cu_immtype[2]     ; imm[19] ;
; N/A   ; None              ; 9.743 ns        ; cu_immtype[0]     ; imm[3]  ;
; N/A   ; None              ; 9.718 ns        ; cu_immtype[2]     ; imm[15] ;
; N/A   ; None              ; 9.714 ns        ; trimmed_instr[15] ; imm[2]  ;
; N/A   ; None              ; 9.681 ns        ; trimmed_instr[24] ; imm[25] ;
; N/A   ; None              ; 9.668 ns        ; cu_immtype[1]     ; imm[29] ;
; N/A   ; None              ; 9.660 ns        ; cu_immtype[0]     ; imm[20] ;
; N/A   ; None              ; 9.636 ns        ; trimmed_instr[11] ; imm[18] ;
; N/A   ; None              ; 9.620 ns        ; trimmed_instr[13] ; imm[20] ;
; N/A   ; None              ; 9.620 ns        ; trimmed_instr[24] ; imm[12] ;
; N/A   ; None              ; 9.611 ns        ; cu_immtype[2]     ; imm[27] ;
; N/A   ; None              ; 9.598 ns        ; cu_immtype[0]     ; imm[21] ;
; N/A   ; None              ; 9.576 ns        ; cu_immtype[0]     ; imm[0]  ;
; N/A   ; None              ; 9.574 ns        ; cu_immtype[1]     ; imm[6]  ;
; N/A   ; None              ; 9.529 ns        ; cu_immtype[1]     ; imm[4]  ;
; N/A   ; None              ; 9.481 ns        ; cu_immtype[2]     ; imm[31] ;
; N/A   ; None              ; 9.461 ns        ; cu_immtype[0]     ; imm[27] ;
; N/A   ; None              ; 9.454 ns        ; cu_immtype[0]     ; imm[19] ;
; N/A   ; None              ; 9.433 ns        ; trimmed_instr[24] ; imm[24] ;
; N/A   ; None              ; 9.417 ns        ; cu_immtype[1]     ; imm[31] ;
; N/A   ; None              ; 9.399 ns        ; cu_immtype[0]     ; imm[15] ;
; N/A   ; None              ; 9.389 ns        ; cu_immtype[1]     ; imm[8]  ;
; N/A   ; None              ; 9.381 ns        ; trimmed_instr[16] ; imm[23] ;
; N/A   ; None              ; 9.372 ns        ; cu_immtype[2]     ; imm[29] ;
; N/A   ; None              ; 9.372 ns        ; cu_immtype[0]     ; imm[2]  ;
; N/A   ; None              ; 9.349 ns        ; cu_immtype[1]     ; imm[25] ;
; N/A   ; None              ; 9.345 ns        ; trimmed_instr[23] ; imm[30] ;
; N/A   ; None              ; 9.340 ns        ; cu_immtype[2]     ; imm[12] ;
; N/A   ; None              ; 9.327 ns        ; trimmed_instr[24] ; imm[11] ;
; N/A   ; None              ; 9.293 ns        ; trimmed_instr[14] ; imm[21] ;
; N/A   ; None              ; 9.262 ns        ; cu_immtype[2]     ; imm[6]  ;
; N/A   ; None              ; 9.259 ns        ; trimmed_instr[21] ; imm[8]  ;
; N/A   ; None              ; 9.218 ns        ; cu_immtype[2]     ; imm[4]  ;
; N/A   ; None              ; 9.155 ns        ; trimmed_instr[13] ; imm[0]  ;
; N/A   ; None              ; 9.135 ns        ; trimmed_instr[16] ; imm[3]  ;
; N/A   ; None              ; 9.109 ns        ; cu_immtype[1]     ; imm[5]  ;
; N/A   ; None              ; 9.105 ns        ; trimmed_instr[0]  ; imm[0]  ;
; N/A   ; None              ; 9.095 ns        ; trimmed_instr[2]  ; imm[2]  ;
; N/A   ; None              ; 9.093 ns        ; cu_immtype[0]     ; imm[31] ;
; N/A   ; None              ; 9.072 ns        ; cu_immtype[2]     ; imm[8]  ;
; N/A   ; None              ; 9.072 ns        ; cu_immtype[0]     ; imm[4]  ;
; N/A   ; None              ; 9.068 ns        ; cu_immtype[0]     ; imm[29] ;
; N/A   ; None              ; 9.044 ns        ; trimmed_instr[8]  ; imm[15] ;
; N/A   ; None              ; 9.041 ns        ; trimmed_instr[4]  ; imm[4]  ;
; N/A   ; None              ; 9.033 ns        ; cu_immtype[2]     ; imm[25] ;
; N/A   ; None              ; 9.022 ns        ; cu_immtype[0]     ; imm[12] ;
; N/A   ; None              ; 8.971 ns        ; cu_immtype[0]     ; imm[6]  ;
; N/A   ; None              ; 8.953 ns        ; cu_immtype[1]     ; imm[24] ;
; N/A   ; None              ; 8.901 ns        ; trimmed_instr[19] ; imm[26] ;
; N/A   ; None              ; 8.810 ns        ; cu_immtype[1]     ; imm[9]  ;
; N/A   ; None              ; 8.780 ns        ; cu_immtype[0]     ; imm[11] ;
; N/A   ; None              ; 8.764 ns        ; trimmed_instr[10] ; imm[17] ;
; N/A   ; None              ; 8.747 ns        ; cu_immtype[0]     ; imm[25] ;
; N/A   ; None              ; 8.747 ns        ; trimmed_instr[24] ; imm[22] ;
; N/A   ; None              ; 8.729 ns        ; cu_immtype[2]     ; imm[5]  ;
; N/A   ; None              ; 8.679 ns        ; trimmed_instr[5]  ; imm[12] ;
; N/A   ; None              ; 8.642 ns        ; cu_immtype[2]     ; imm[11] ;
; N/A   ; None              ; 8.640 ns        ; cu_immtype[2]     ; imm[24] ;
; N/A   ; None              ; 8.636 ns        ; trimmed_instr[17] ; imm[4]  ;
; N/A   ; None              ; 8.632 ns        ; trimmed_instr[24] ; imm[17] ;
; N/A   ; None              ; 8.606 ns        ; cu_immtype[0]     ; imm[8]  ;
; N/A   ; None              ; 8.562 ns        ; cu_immtype[2]     ; imm[17] ;
; N/A   ; None              ; 8.495 ns        ; cu_immtype[0]     ; imm[24] ;
; N/A   ; None              ; 8.472 ns        ; cu_immtype[2]     ; imm[22] ;
; N/A   ; None              ; 8.448 ns        ; cu_immtype[2]     ; imm[9]  ;
; N/A   ; None              ; 8.443 ns        ; cu_immtype[0]     ; imm[5]  ;
; N/A   ; None              ; 8.438 ns        ; trimmed_instr[15] ; imm[22] ;
; N/A   ; None              ; 8.398 ns        ; trimmed_instr[22] ; imm[29] ;
; N/A   ; None              ; 8.354 ns        ; cu_immtype[1]     ; imm[10] ;
; N/A   ; None              ; 8.331 ns        ; trimmed_instr[0]  ; imm[11] ;
; N/A   ; None              ; 8.299 ns        ; trimmed_instr[13] ; imm[11] ;
; N/A   ; None              ; 8.220 ns        ; cu_immtype[0]     ; imm[17] ;
; N/A   ; None              ; 8.202 ns        ; trimmed_instr[24] ; imm[14] ;
; N/A   ; None              ; 8.195 ns        ; cu_immtype[2]     ; imm[10] ;
; N/A   ; None              ; 8.144 ns        ; cu_immtype[0]     ; imm[9]  ;
; N/A   ; None              ; 8.132 ns        ; cu_immtype[2]     ; imm[14] ;
; N/A   ; None              ; 8.126 ns        ; trimmed_instr[19] ; imm[6]  ;
; N/A   ; None              ; 8.098 ns        ; trimmed_instr[18] ; imm[25] ;
; N/A   ; None              ; 8.095 ns        ; cu_immtype[0]     ; imm[22] ;
; N/A   ; None              ; 8.059 ns        ; trimmed_instr[17] ; imm[24] ;
; N/A   ; None              ; 8.053 ns        ; trimmed_instr[24] ; imm[16] ;
; N/A   ; None              ; 7.984 ns        ; cu_immtype[2]     ; imm[16] ;
; N/A   ; None              ; 7.983 ns        ; trimmed_instr[24] ; imm[13] ;
; N/A   ; None              ; 7.983 ns        ; cu_immtype[2]     ; imm[1]  ;
; N/A   ; None              ; 7.912 ns        ; cu_immtype[2]     ; imm[13] ;
; N/A   ; None              ; 7.853 ns        ; trimmed_instr[1]  ; imm[1]  ;
; N/A   ; None              ; 7.814 ns        ; cu_immtype[0]     ; imm[14] ;
; N/A   ; None              ; 7.794 ns        ; trimmed_instr[18] ; imm[5]  ;
; N/A   ; None              ; 7.740 ns        ; cu_immtype[1]     ; imm[18] ;
; N/A   ; None              ; 7.703 ns        ; cu_immtype[0]     ; imm[10] ;
; N/A   ; None              ; 7.674 ns        ; cu_immtype[0]     ; imm[1]  ;
; N/A   ; None              ; 7.643 ns        ; cu_immtype[0]     ; imm[16] ;
; N/A   ; None              ; 7.631 ns        ; cu_immtype[0]     ; imm[13] ;
; N/A   ; None              ; 7.515 ns        ; trimmed_instr[9]  ; imm[16] ;
; N/A   ; None              ; 7.503 ns        ; cu_immtype[1]     ; imm[20] ;
; N/A   ; None              ; 7.494 ns        ; trimmed_instr[14] ; imm[1]  ;
; N/A   ; None              ; 7.473 ns        ; trimmed_instr[22] ; imm[9]  ;
; N/A   ; None              ; 7.451 ns        ; trimmed_instr[7]  ; imm[14] ;
; N/A   ; None              ; 7.406 ns        ; trimmed_instr[6]  ; imm[13] ;
; N/A   ; None              ; 7.321 ns        ; trimmed_instr[23] ; imm[10] ;
; N/A   ; None              ; 7.268 ns        ; cu_immtype[1]     ; imm[21] ;
; N/A   ; None              ; 7.249 ns        ; cu_immtype[1]     ; imm[2]  ;
; N/A   ; None              ; 7.249 ns        ; cu_immtype[1]     ; imm[0]  ;
; N/A   ; None              ; 7.242 ns        ; cu_immtype[1]     ; imm[19] ;
; N/A   ; None              ; 7.224 ns        ; cu_immtype[1]     ; imm[15] ;
; N/A   ; None              ; 6.846 ns        ; cu_immtype[1]     ; imm[12] ;
; N/A   ; None              ; 6.312 ns        ; cu_immtype[1]     ; imm[11] ;
; N/A   ; None              ; 6.051 ns        ; cu_immtype[1]     ; imm[17] ;
; N/A   ; None              ; 5.973 ns        ; cu_immtype[1]     ; imm[22] ;
; N/A   ; None              ; 5.638 ns        ; cu_immtype[1]     ; imm[14] ;
; N/A   ; None              ; 5.473 ns        ; cu_immtype[1]     ; imm[16] ;
; N/A   ; None              ; 5.470 ns        ; cu_immtype[1]     ; imm[1]  ;
; N/A   ; None              ; 5.418 ns        ; cu_immtype[1]     ; imm[13] ;
+-------+-------------------+-----------------+-------------------+---------+


+--------------------------+
; Timing Analyzer Messages ;
+--------------------------+
Info: *******************************************************************
Info: Running Quartus II Classic Timing Analyzer
    Info: Version 9.1 Build 350 03/24/2010 Service Pack 2 SJ Web Edition
    Info: Processing started: Mon Nov 17 13:17:45 2025
Info: Command: quartus_tan --read_settings_files=off --write_settings_files=off imm_select_rv32i -c imm_select_rv32i --timing_analysis_only
Info: Longest tpd from source pin "trimmed_instr[24]" to destination pin "imm[23]" is 10.891 ns
    Info: 1: + IC(0.000 ns) + CELL(0.827 ns) = 0.827 ns; Loc. = PIN_W12; Fanout = 21; PIN Node = 'trimmed_instr[24]'
    Info: 2: + IC(5.284 ns) + CELL(0.225 ns) = 6.336 ns; Loc. = LCCOMB_X29_Y26_N18; Fanout = 1; COMB Node = 'Mux7~0'
    Info: 3: + IC(2.623 ns) + CELL(1.932 ns) = 10.891 ns; Loc. = PIN_R9; Fanout = 0; PIN Node = 'imm[23]'
    Info: Total cell delay = 2.984 ns ( 27.40 % )
    Info: Total interconnect delay = 7.907 ns ( 72.60 % )
Info: Quartus II Classic Timing Analyzer was successful. 0 errors, 0 warnings
    Info: Peak virtual memory: 194 megabytes
    Info: Processing ended: Mon Nov 17 13:17:45 2025
    Info: Elapsed time: 00:00:00
    Info: Total CPU time (on all processors): 00:00:01


