Classic Timing Analyzer report for ctrl_unit_rv32i
Mon Nov 17 13:01:10 2025
Quartus II Version 9.1 Build 350 03/24/2010 Service Pack 2 SJ Web Edition


---------------------
; Table of Contents ;
---------------------
  1. Legal Notice
  2. Timing Analyzer Summary
  3. Timing Analyzer Settings
  4. Parallel Compilation
  5. tpd
  6. Timing Analyzer Messages



----------------
; Legal Notice ;
----------------
Copyright (C) 1991-2010 Altera Corporation
Your use of Altera Corporation's design tools, logic functions 
and other software and tools, and its AMPP partner logic 
functions, and any output files from any of the foregoing 
(including device programming or simulation files), and any 
associated documentation or information are expressly subject 
to the terms and conditions of the Altera Program License 
Subscription Agreement, Altera MegaCore Function License 
Agreement, or other applicable license agreement, including, 
without limitation, that your use is for the sole purpose of 
programming logic devices manufactured by Altera and sold by 
Altera or its authorized distributors.  Please refer to the 
applicable agreement for further details.



+-----------------------------------------------------------------------------------------------------------------------------------+
; Timing Analyzer Summary                                                                                                           ;
+------------------------------+-------+---------------+-------------+-----------+-----------+------------+----------+--------------+
; Type                         ; Slack ; Required Time ; Actual Time ; From      ; To        ; From Clock ; To Clock ; Failed Paths ;
+------------------------------+-------+---------------+-------------+-----------+-----------+------------+----------+--------------+
; Worst-case tpd               ; N/A   ; None          ; 11.998 ns   ; opcode[2] ; cu_adtype ; --         ; --       ; 0            ;
; Total number of failed paths ;       ;               ;             ;           ;           ;            ;          ; 0            ;
+------------------------------+-------+---------------+-------------+-----------+-----------+------------+----------+--------------+


+-----------------------------------------------------------------------------------------------------------------------------------------------------+
; Timing Analyzer Settings                                                                                                                            ;
+------------------------------------------------------------------------------------------------------+--------------------+------+----+-------------+
; Option                                                                                               ; Setting            ; From ; To ; Entity Name ;
+------------------------------------------------------------------------------------------------------+--------------------+------+----+-------------+
; Device Name                                                                                          ; EP2S15F484C3       ;      ;    ;             ;
; Timing Models                                                                                        ; Final              ;      ;    ;             ;
; Default hold multicycle                                                                              ; Same as Multicycle ;      ;    ;             ;
; Cut paths between unrelated clock domains                                                            ; On                 ;      ;    ;             ;
; Cut off read during write signal paths                                                               ; On                 ;      ;    ;             ;
; Cut off feedback from I/O pins                                                                       ; On                 ;      ;    ;             ;
; Report Combined Fast/Slow Timing                                                                     ; Off                ;      ;    ;             ;
; Ignore Clock Settings                                                                                ; Off                ;      ;    ;             ;
; Analyze latches as synchronous elements                                                              ; On                 ;      ;    ;             ;
; Enable Recovery/Removal analysis                                                                     ; Off                ;      ;    ;             ;
; Enable Clock Latency                                                                                 ; Off                ;      ;    ;             ;
; Use TimeQuest Timing Analyzer                                                                        ; Off                ;      ;    ;             ;
; Number of source nodes to report per destination node                                                ; 10                 ;      ;    ;             ;
; Number of destination nodes to report                                                                ; 10                 ;      ;    ;             ;
; Number of paths to report                                                                            ; 200                ;      ;    ;             ;
; Report Minimum Timing Checks                                                                         ; Off                ;      ;    ;             ;
; Use Fast Timing Models                                                                               ; Off                ;      ;    ;             ;
; Report IO Paths Separately                                                                           ; Off                ;      ;    ;             ;
; Perform Multicorner Analysis                                                                         ; On                 ;      ;    ;             ;
; Reports the worst-case path for each clock domain and analysis                                       ; Off                ;      ;    ;             ;
; Reports worst-case timing paths for each clock domain and analysis                                   ; Off                ;      ;    ;             ;
; Specifies the maximum number of worst-case timing paths to report for each clock domain and analysis ; 100                ;      ;    ;             ;
; Removes common clock path pessimism (CCPP) during slack computation                                  ; Off                ;      ;    ;             ;
; Output I/O Timing Endpoint                                                                           ; Near End           ;      ;    ;             ;
+------------------------------------------------------------------------------------------------------+--------------------+------+----+-------------+


Parallel compilation was disabled, but you have multiple processors available. Enable parallel compilation to reduce compilation time.
+-------------------------------------+
; Parallel Compilation                ;
+----------------------------+--------+
; Processors                 ; Number ;
+----------------------------+--------+
; Number detected on machine ; 16     ;
; Maximum allowed            ; 1      ;
+----------------------------+--------+


+------------------------------------------------------------------------------------------------------------------------------------------------+
; tpd                                                                                                                                            ;
+-----------------------------------------+-----------------------------------------------------+-----------------+-----------+------------------+
; Slack                                   ; Required P2P Time                                   ; Actual P2P Time ; From      ; To               ;
+-----------------------------------------+-----------------------------------------------------+-----------------+-----------+------------------+
; N/A                                     ; None                                                ; 11.998 ns       ; opcode[2] ; cu_adtype        ;
; N/A                                     ; None                                                ; 11.989 ns       ; opcode[2] ; cu_shiftype[1]   ;
; N/A                                     ; None                                                ; 11.611 ns       ; opcode[2] ; cu_storetype[1]  ;
; N/A                                     ; None                                                ; 11.562 ns       ; opcode[4] ; cu_adtype        ;
; N/A                                     ; None                                                ; 11.555 ns       ; opcode[0] ; cu_adtype        ;
; N/A                                     ; None                                                ; 11.553 ns       ; opcode[4] ; cu_shiftype[1]   ;
; N/A                                     ; None                                                ; 11.546 ns       ; opcode[0] ; cu_shiftype[1]   ;
; N/A                                     ; None                                                ; 11.458 ns       ; opcode[2] ; cu_ALU2src       ;
; N/A                                     ; None                                                ; 11.437 ns       ; opcode[1] ; cu_adtype        ;
; N/A                                     ; None                                                ; 11.428 ns       ; opcode[1] ; cu_shiftype[1]   ;
; N/A                                     ; None                                                ; 11.353 ns       ; opcode[1] ; cu_storetype[1]  ;
; N/A                                     ; None                                                ; 11.352 ns       ; opcode[3] ; cu_adtype        ;
; N/A                                     ; None                                                ; 11.343 ns       ; opcode[3] ; cu_shiftype[1]   ;
; N/A                                     ; None                                                ; 11.254 ns       ; opcode[2] ; cu_shiftype[0]   ;
; N/A                                     ; None                                                ; 11.230 ns       ; opcode[2] ; cu_gatype[0]     ;
; N/A                                     ; None                                                ; 11.187 ns       ; opcode[0] ; cu_storetype[1]  ;
; N/A                                     ; None                                                ; 11.187 ns       ; opcode[3] ; cu_ALU2src       ;
; N/A                                     ; None                                                ; 11.181 ns       ; opcode[6] ; cu_storetype[1]  ;
; N/A                                     ; None                                                ; 11.179 ns       ; opcode[5] ; cu_adtype        ;
; N/A                                     ; None                                                ; 11.163 ns       ; opcode[3] ; cu_storetype[1]  ;
; N/A                                     ; None                                                ; 11.156 ns       ; opcode[6] ; cu_adtype        ;
; N/A                                     ; None                                                ; 11.147 ns       ; opcode[6] ; cu_shiftype[1]   ;
; N/A                                     ; None                                                ; 11.143 ns       ; opcode[2] ; cu_loadtype[2]   ;
; N/A                                     ; None                                                ; 11.100 ns       ; funct3[0] ; cu_adtype        ;
; N/A                                     ; None                                                ; 11.052 ns       ; opcode[2] ; cu_ALUtype[1]    ;
; N/A                                     ; None                                                ; 10.988 ns       ; opcode[2] ; cu_storetype[0]  ;
; N/A                                     ; None                                                ; 10.974 ns       ; opcode[2] ; cu_store         ;
; N/A                                     ; None                                                ; 10.948 ns       ; opcode[2] ; cu_loadtype[0]   ;
; N/A                                     ; None                                                ; 10.925 ns       ; funct3[0] ; cu_loadtype[2]   ;
; N/A                                     ; None                                                ; 10.906 ns       ; opcode[4] ; cu_ALU2src       ;
; N/A                                     ; None                                                ; 10.885 ns       ; opcode[1] ; cu_loadtype[2]   ;
; N/A                                     ; None                                                ; 10.818 ns       ; opcode[4] ; cu_shiftype[0]   ;
; N/A                                     ; None                                                ; 10.811 ns       ; opcode[0] ; cu_shiftype[0]   ;
; N/A                                     ; None                                                ; 10.794 ns       ; opcode[4] ; cu_gatype[0]     ;
; N/A                                     ; None                                                ; 10.792 ns       ; opcode[2] ; cu_sltype        ;
; N/A                                     ; None                                                ; 10.787 ns       ; opcode[0] ; cu_gatype[0]     ;
; N/A                                     ; None                                                ; 10.785 ns       ; opcode[2] ; cu_ALUtype[0]    ;
; N/A                                     ; None                                                ; 10.784 ns       ; opcode[5] ; cu_ALU2src       ;
; N/A                                     ; None                                                ; 10.782 ns       ; opcode[2] ; cu_gatype[1]     ;
; N/A                                     ; None                                                ; 10.730 ns       ; opcode[1] ; cu_storetype[0]  ;
; N/A                                     ; None                                                ; 10.727 ns       ; funct7[1] ; cu_adtype        ;
; N/A                                     ; None                                                ; 10.719 ns       ; opcode[0] ; cu_loadtype[2]   ;
; N/A                                     ; None                                                ; 10.716 ns       ; opcode[1] ; cu_store         ;
; N/A                                     ; None                                                ; 10.713 ns       ; opcode[6] ; cu_loadtype[2]   ;
; N/A                                     ; None                                                ; 10.695 ns       ; opcode[3] ; cu_loadtype[2]   ;
; N/A                                     ; None                                                ; 10.693 ns       ; opcode[1] ; cu_shiftype[0]   ;
; N/A                                     ; None                                                ; 10.692 ns       ; opcode[2] ; cu_ALU1src       ;
; N/A                                     ; None                                                ; 10.690 ns       ; opcode[1] ; cu_loadtype[0]   ;
; N/A                                     ; None                                                ; 10.690 ns       ; opcode[6] ; cu_ALU2src       ;
; N/A                                     ; None                                                ; 10.678 ns       ; opcode[2] ; cu_loadtype[1]   ;
; N/A                                     ; None                                                ; 10.669 ns       ; opcode[1] ; cu_gatype[0]     ;
; N/A                                     ; None                                                ; 10.616 ns       ; opcode[4] ; cu_ALUtype[1]    ;
; N/A                                     ; None                                                ; 10.609 ns       ; opcode[0] ; cu_ALUtype[1]    ;
; N/A                                     ; None                                                ; 10.608 ns       ; opcode[3] ; cu_shiftype[0]   ;
; N/A                                     ; None                                                ; 10.584 ns       ; opcode[3] ; cu_gatype[0]     ;
; N/A                                     ; None                                                ; 10.564 ns       ; opcode[0] ; cu_storetype[0]  ;
; N/A                                     ; None                                                ; 10.558 ns       ; opcode[6] ; cu_storetype[0]  ;
; N/A                                     ; None                                                ; 10.550 ns       ; opcode[0] ; cu_store         ;
; N/A                                     ; None                                                ; 10.544 ns       ; opcode[6] ; cu_store         ;
; N/A                                     ; None                                                ; 10.540 ns       ; opcode[3] ; cu_storetype[0]  ;
; N/A                                     ; None                                                ; 10.526 ns       ; opcode[3] ; cu_store         ;
; N/A                                     ; None                                                ; 10.524 ns       ; opcode[0] ; cu_loadtype[0]   ;
; N/A                                     ; None                                                ; 10.518 ns       ; opcode[6] ; cu_loadtype[0]   ;
; N/A                                     ; None                                                ; 10.504 ns       ; funct3[0] ; cu_gatype[0]     ;
; N/A                                     ; None                                                ; 10.500 ns       ; opcode[3] ; cu_loadtype[0]   ;
; N/A                                     ; None                                                ; 10.498 ns       ; funct7[6] ; cu_adtype        ;
; N/A                                     ; None                                                ; 10.491 ns       ; opcode[1] ; cu_ALUtype[1]    ;
; N/A                                     ; None                                                ; 10.420 ns       ; opcode[1] ; cu_loadtype[1]   ;
; N/A                                     ; None                                                ; 10.413 ns       ; funct3[0] ; cu_shiftype[1]   ;
; N/A                                     ; None                                                ; 10.412 ns       ; opcode[6] ; cu_shiftype[0]   ;
; N/A                                     ; None                                                ; 10.406 ns       ; opcode[3] ; cu_ALUtype[1]    ;
; N/A                                     ; None                                                ; 10.388 ns       ; opcode[6] ; cu_gatype[0]     ;
; N/A                                     ; None                                                ; 10.386 ns       ; opcode[3] ; cu_ALU1src       ;
; N/A                                     ; None                                                ; 10.375 ns       ; opcode[5] ; cu_storetype[1]  ;
; N/A                                     ; None                                                ; 10.357 ns       ; funct7[1] ; cu_shiftype[1]   ;
; N/A                                     ; None                                                ; 10.356 ns       ; opcode[4] ; cu_sltype        ;
; N/A                                     ; None                                                ; 10.349 ns       ; opcode[0] ; cu_sltype        ;
; N/A                                     ; None                                                ; 10.349 ns       ; opcode[4] ; cu_ALUtype[0]    ;
; N/A                                     ; None                                                ; 10.346 ns       ; opcode[4] ; cu_gatype[1]     ;
; N/A                                     ; None                                                ; 10.342 ns       ; opcode[0] ; cu_ALUtype[0]    ;
; N/A                                     ; None                                                ; 10.339 ns       ; opcode[0] ; cu_gatype[1]     ;
; N/A                                     ; None                                                ; 10.317 ns       ; opcode[1] ; cu_branchtype[0] ;
; N/A                                     ; None                                                ; 10.301 ns       ; funct7[0] ; cu_adtype        ;
; N/A                                     ; None                                                ; 10.285 ns       ; opcode[2] ; cu_PCtype        ;
; N/A                                     ; None                                                ; 10.274 ns       ; opcode[4] ; cu_branchtype[0] ;
; N/A                                     ; None                                                ; 10.254 ns       ; opcode[0] ; cu_loadtype[1]   ;
; N/A                                     ; None                                                ; 10.248 ns       ; opcode[6] ; cu_loadtype[1]   ;
; N/A                                     ; None                                                ; 10.248 ns       ; funct3[2] ; cu_adtype        ;
; N/A                                     ; None                                                ; 10.237 ns       ; funct7[3] ; cu_adtype        ;
; N/A                                     ; None                                                ; 10.231 ns       ; opcode[1] ; cu_sltype        ;
; N/A                                     ; None                                                ; 10.230 ns       ; opcode[3] ; cu_loadtype[1]   ;
; N/A                                     ; None                                                ; 10.224 ns       ; opcode[1] ; cu_ALUtype[0]    ;
; N/A                                     ; None                                                ; 10.221 ns       ; opcode[1] ; cu_gatype[1]     ;
; N/A                                     ; None                                                ; 10.218 ns       ; funct7[4] ; cu_adtype        ;
; N/A                                     ; None                                                ; 10.210 ns       ; opcode[6] ; cu_ALUtype[1]    ;
; N/A                                     ; None                                                ; 10.173 ns       ; opcode[2] ; cu_branch        ;
; N/A                                     ; None                                                ; 10.167 ns       ; opcode[3] ; cu_PCtype        ;
; N/A                                     ; None                                                ; 10.146 ns       ; opcode[3] ; cu_sltype        ;
; N/A                                     ; None                                                ; 10.145 ns       ; opcode[6] ; cu_branchtype[0] ;
; N/A                                     ; None                                                ; 10.139 ns       ; opcode[3] ; cu_ALUtype[0]    ;
; N/A                                     ; None                                                ; 10.139 ns       ; opcode[4] ; cu_ALU1src       ;
; N/A                                     ; None                                                ; 10.136 ns       ; opcode[3] ; cu_gatype[1]     ;
; N/A                                     ; None                                                ; 10.129 ns       ; funct3[1] ; cu_adtype        ;
; N/A                                     ; None                                                ; 10.128 ns       ; funct7[6] ; cu_shiftype[1]   ;
; N/A                                     ; None                                                ; 10.113 ns       ; funct7[2] ; cu_adtype        ;
; N/A                                     ; None                                                ; 10.072 ns       ; funct3[2] ; cu_loadtype[2]   ;
; N/A                                     ; None                                                ; 10.060 ns       ; funct3[0] ; cu_ALUtype[0]    ;
; N/A                                     ; None                                                ; 10.055 ns       ; opcode[3] ; cu_branch        ;
; N/A                                     ; None                                                ; 10.053 ns       ; opcode[1] ; cu_branchtype[1] ;
; N/A                                     ; None                                                ; 10.018 ns       ; opcode[5] ; cu_ALU1src       ;
; N/A                                     ; None                                                ; 10.010 ns       ; opcode[4] ; cu_branchtype[1] ;
; N/A                                     ; None                                                ; 9.980 ns        ; funct3[0] ; cu_storetype[1]  ;
; N/A                                     ; None                                                ; 9.970 ns        ; opcode[1] ; cu_immtype[2]    ;
; N/A                                     ; None                                                ; 9.955 ns        ; opcode[6] ; cu_ALU1src       ;
; N/A                                     ; None                                                ; 9.952 ns        ; opcode[2] ; cu_rdtype[0]     ;
; N/A                                     ; None                                                ; 9.950 ns        ; opcode[4] ; cu_storetype[1]  ;
; N/A                                     ; None                                                ; 9.950 ns        ; opcode[6] ; cu_sltype        ;
; N/A                                     ; None                                                ; 9.947 ns        ; opcode[0] ; cu_branchtype[0] ;
; N/A                                     ; None                                                ; 9.943 ns        ; opcode[6] ; cu_ALUtype[0]    ;
; N/A                                     ; None                                                ; 9.941 ns        ; funct3[2] ; cu_shiftype[1]   ;
; N/A                                     ; None                                                ; 9.940 ns        ; opcode[6] ; cu_gatype[1]     ;
; N/A                                     ; None                                                ; 9.931 ns        ; funct7[0] ; cu_shiftype[1]   ;
; N/A                                     ; None                                                ; 9.927 ns        ; opcode[2] ; cu_branchtype[0] ;
; N/A                                     ; None                                                ; 9.927 ns        ; opcode[4] ; cu_immtype[2]    ;
; N/A                                     ; None                                                ; 9.916 ns        ; funct3[0] ; cu_shiftype[0]   ;
; N/A                                     ; None                                                ; 9.903 ns        ; opcode[1] ; cu_branchtype[2] ;
; N/A                                     ; None                                                ; 9.881 ns        ; opcode[6] ; cu_branchtype[1] ;
; N/A                                     ; None                                                ; 9.872 ns        ; opcode[5] ; cu_branchtype[0] ;
; N/A                                     ; None                                                ; 9.867 ns        ; funct7[3] ; cu_shiftype[1]   ;
; N/A                                     ; None                                                ; 9.864 ns        ; opcode[5] ; cu_loadtype[2]   ;
; N/A                                     ; None                                                ; 9.861 ns        ; opcode[1] ; cu_PCtype        ;
; N/A                                     ; None                                                ; 9.860 ns        ; opcode[4] ; cu_branchtype[2] ;
; N/A                                     ; None                                                ; 9.858 ns        ; opcode[0] ; cu_ALU2src       ;
; N/A                                     ; None                                                ; 9.848 ns        ; opcode[5] ; cu_rdtype[0]     ;
; N/A                                     ; None                                                ; 9.848 ns        ; funct7[4] ; cu_shiftype[1]   ;
; N/A                                     ; None                                                ; 9.804 ns        ; opcode[0] ; cu_rdtype[0]     ;
; N/A                                     ; None                                                ; 9.798 ns        ; opcode[6] ; cu_immtype[2]    ;
; N/A                                     ; None                                                ; 9.762 ns        ; funct3[1] ; cu_storetype[1]  ;
; N/A                                     ; None                                                ; 9.752 ns        ; opcode[5] ; cu_storetype[0]  ;
; N/A                                     ; None                                                ; 9.749 ns        ; opcode[1] ; cu_branch        ;
; N/A                                     ; None                                                ; 9.743 ns        ; funct7[2] ; cu_shiftype[1]   ;
; N/A                                     ; None                                                ; 9.743 ns        ; opcode[2] ; cu_immtype[0]    ;
; N/A                                     ; None                                                ; 9.741 ns        ; funct3[2] ; cu_storetype[1]  ;
; N/A                                     ; None                                                ; 9.731 ns        ; opcode[6] ; cu_branchtype[2] ;
; N/A                                     ; None                                                ; 9.714 ns        ; funct3[0] ; cu_ALUtype[1]    ;
; N/A                                     ; None                                                ; 9.701 ns        ; opcode[5] ; cu_loadtype[1]   ;
; N/A                                     ; None                                                ; 9.695 ns        ; opcode[3] ; cu_branchtype[0] ;
; N/A                                     ; None                                                ; 9.695 ns        ; opcode[5] ; cu_store         ;
; N/A                                     ; None                                                ; 9.683 ns        ; opcode[0] ; cu_branchtype[1] ;
; N/A                                     ; None                                                ; 9.669 ns        ; funct3[1] ; cu_shiftype[1]   ;
; N/A                                     ; None                                                ; 9.664 ns        ; opcode[2] ; cu_branchtype[1] ;
; N/A                                     ; None                                                ; 9.651 ns        ; opcode[0] ; cu_PCtype        ;
; N/A                                     ; None                                                ; 9.651 ns        ; funct3[2] ; cu_gatype[0]     ;
; N/A                                     ; None                                                ; 9.608 ns        ; opcode[5] ; cu_branchtype[1] ;
; N/A                                     ; None                                                ; 9.600 ns        ; opcode[0] ; cu_immtype[2]    ;
; N/A                                     ; None                                                ; 9.599 ns        ; opcode[1] ; cu_ALU2src       ;
; N/A                                     ; None                                                ; 9.560 ns        ; opcode[2] ; cu_immtype[1]    ;
; N/A                                     ; None                                                ; 9.539 ns        ; opcode[0] ; cu_branch        ;
; N/A                                     ; None                                                ; 9.533 ns        ; opcode[0] ; cu_branchtype[2] ;
; N/A                                     ; None                                                ; 9.527 ns        ; opcode[0] ; cu_rdwrite       ;
; N/A                                     ; None                                                ; 9.525 ns        ; opcode[5] ; cu_immtype[2]    ;
; N/A                                     ; None                                                ; 9.518 ns        ; funct3[1] ; cu_gatype[0]     ;
; N/A                                     ; None                                                ; 9.509 ns        ; opcode[2] ; cu_rdwrite       ;
; N/A                                     ; None                                                ; 9.503 ns        ; opcode[5] ; cu_loadtype[0]   ;
; N/A                                     ; None                                                ; 9.481 ns        ; funct7[5] ; cu_adtype        ;
; N/A                                     ; None                                                ; 9.470 ns        ; opcode[4] ; cu_rdtype[0]     ;
; N/A                                     ; None                                                ; 9.464 ns        ; opcode[4] ; cu_PCtype        ;
; N/A                                     ; None                                                ; 9.459 ns        ; opcode[0] ; cu_rdtype[1]     ;
; N/A                                     ; None                                                ; 9.458 ns        ; opcode[5] ; cu_branchtype[2] ;
; N/A                                     ; None                                                ; 9.455 ns        ; funct3[0] ; cu_sltype        ;
; N/A                                     ; None                                                ; 9.452 ns        ; opcode[2] ; cu_rdtype[1]     ;
; N/A                                     ; None                                                ; 9.449 ns        ; funct3[0] ; cu_loadtype[0]   ;
; N/A                                     ; None                                                ; 9.446 ns        ; funct3[0] ; cu_gatype[1]     ;
; N/A                                     ; None                                                ; 9.444 ns        ; opcode[2] ; cu_branchtype[2] ;
; N/A                                     ; None                                                ; 9.439 ns        ; opcode[4] ; cu_rdtype[1]     ;
; N/A                                     ; None                                                ; 9.432 ns        ; opcode[3] ; cu_branchtype[1] ;
; N/A                                     ; None                                                ; 9.399 ns        ; opcode[1] ; cu_rdwrite       ;
; N/A                                     ; None                                                ; 9.397 ns        ; funct3[1] ; cu_shiftype[0]   ;
; N/A                                     ; None                                                ; 9.369 ns        ; opcode[3] ; cu_rdwrite       ;
; N/A                                     ; None                                                ; 9.352 ns        ; opcode[4] ; cu_branch        ;
; N/A                                     ; None                                                ; 9.349 ns        ; opcode[6] ; cu_rdtype[0]     ;
; N/A                                     ; None                                                ; 9.338 ns        ; opcode[5] ; cu_PCtype        ;
; N/A                                     ; None                                                ; 9.327 ns        ; opcode[4] ; cu_storetype[0]  ;
; N/A                                     ; None                                                ; 9.308 ns        ; opcode[4] ; cu_rdwrite       ;
; N/A                                     ; None                                                ; 9.299 ns        ; opcode[3] ; cu_rdtype[1]     ;
; N/A                                     ; None                                                ; 9.297 ns        ; opcode[1] ; cu_rdtype[0]     ;
; N/A                                     ; None                                                ; 9.293 ns        ; opcode[6] ; cu_PCtype        ;
; N/A                                     ; None                                                ; 9.278 ns        ; funct3[0] ; cu_loadtype[1]   ;
; N/A                                     ; None                                                ; 9.278 ns        ; opcode[0] ; cu_ALU1src       ;
; N/A                                     ; None                                                ; 9.276 ns        ; opcode[4] ; cu_loadtype[1]   ;
; N/A                                     ; None                                                ; 9.266 ns        ; funct3[2] ; cu_shiftype[0]   ;
; N/A                                     ; None                                                ; 9.258 ns        ; funct3[0] ; cu_branchtype[0] ;
; N/A                                     ; None                                                ; 9.242 ns        ; opcode[4] ; cu_immtype[0]    ;
; N/A                                     ; None                                                ; 9.226 ns        ; opcode[5] ; cu_branch        ;
; N/A                                     ; None                                                ; 9.216 ns        ; opcode[6] ; cu_rdwrite       ;
; N/A                                     ; None                                                ; 9.212 ns        ; opcode[3] ; cu_branchtype[2] ;
; N/A                                     ; None                                                ; 9.207 ns        ; funct3[2] ; cu_ALUtype[0]    ;
; N/A                                     ; None                                                ; 9.191 ns        ; opcode[4] ; cu_immtype[1]    ;
; N/A                                     ; None                                                ; 9.187 ns        ; funct3[1] ; cu_branchtype[0] ;
; N/A                                     ; None                                                ; 9.185 ns        ; funct3[1] ; cu_ALUtype[1]    ;
; Timing analysis restricted to 200 rows. ; To change the limit use Settings (Assignments menu) ;                 ;           ;                  ;
+-----------------------------------------+-----------------------------------------------------+-----------------+-----------+------------------+


+--------------------------+
; Timing Analyzer Messages ;
+--------------------------+
Info: *******************************************************************
Info: Running Quartus II Classic Timing Analyzer
    Info: Version 9.1 Build 350 03/24/2010 Service Pack 2 SJ Web Edition
    Info: Processing started: Mon Nov 17 13:01:10 2025
Info: Command: quartus_tan --read_settings_files=off --write_settings_files=off ctrl_unit_rv32i -c ctrl_unit_rv32i --timing_analysis_only
Info: Longest tpd from source pin "opcode[2]" to destination pin "cu_adtype" is 11.998 ns
    Info: 1: + IC(0.000 ns) + CELL(0.827 ns) = 0.827 ns; Loc. = PIN_E11; Fanout = 12; PIN Node = 'opcode[2]'
    Info: 2: + IC(4.867 ns) + CELL(0.357 ns) = 6.051 ns; Loc. = LCCOMB_X34_Y15_N0; Fanout = 8; COMB Node = 'WideOr11~0'
    Info: 3: + IC(1.855 ns) + CELL(0.053 ns) = 7.959 ns; Loc. = LCCOMB_X22_Y6_N16; Fanout = 1; COMB Node = 'cu_adtype~2'
    Info: 4: + IC(2.041 ns) + CELL(1.998 ns) = 11.998 ns; Loc. = PIN_B12; Fanout = 0; PIN Node = 'cu_adtype'
    Info: Total cell delay = 3.235 ns ( 26.96 % )
    Info: Total interconnect delay = 8.763 ns ( 73.04 % )
Info: Quartus II Classic Timing Analyzer was successful. 0 errors, 0 warnings
    Info: Peak virtual memory: 194 megabytes
    Info: Processing ended: Mon Nov 17 13:01:11 2025
    Info: Elapsed time: 00:00:01
    Info: Total CPU time (on all processors): 00:00:00


